This is pdfTeX, Version 3.14159265-2.6-1.40.20 (TeX Live 2019/W32TeX) (preloaded format=pdflatex 2020.3.25)  27 MAR 2020 13:11
entering extended mode
 restricted \write18 enabled.
 file:line:error style messages enabled.
 %&-line parsing enabled.
**thesis.tex
(c:/Users/Konrad/Documents/Uni/arbitrary-interpreter-thesis/thesis.tex
LaTeX2e <2020-02-02> patch level 5
L3 programming layer <2020-02-25> (c:/Program Files (x86)/texlive/2019/texmf-di
st/tex/latex/base/article.cls
Document Class: article 2019/12/20 v1.4l Standard LaTeX document class
(c:/Program Files (x86)/texlive/2019/texmf-dist/tex/latex/base/size12.clo
File: size12.clo 2019/12/20 v1.4l Standard LaTeX file (size option)
)
\c@part=\count167
\c@section=\count168
\c@subsection=\count169
\c@subsubsection=\count170
\c@paragraph=\count171
\c@subparagraph=\count172
\c@figure=\count173
\c@table=\count174
\abovecaptionskip=\skip47
\belowcaptionskip=\skip48
\bibindent=\dimen134
) (c:/Program Files (x86)/texlive/2019/texmf-dist/tex/latex/base/inputenc.sty
Package: inputenc 2018/08/11 v1.3c Input encoding file
\inpenc@prehook=\toks15
\inpenc@posthook=\toks16
)
(c:/Program Files (x86)/texlive/2019/texmf-dist/tex/latex/l3backend/l3backend-p
dfmode.def
File: l3backend-pdfmode.def 2020-02-23 L3 backend support: PDF mode
\l__kernel_color_stack_int=\count175
\l__pdf_internal_box=\box45
) (c:/Users/Konrad/Documents/Uni/arbitrary-interpreter-thesis/thesis.aux)
\openout1 = `thesis.aux'.

LaTeX Font Info:    Checking defaults for OML/cmm/m/it on input line 8.
LaTeX Font Info:    ... okay on input line 8.
LaTeX Font Info:    Checking defaults for OMS/cmsy/m/n on input line 8.
LaTeX Font Info:    ... okay on input line 8.
LaTeX Font Info:    Checking defaults for OT1/cmr/m/n on input line 8.
LaTeX Font Info:    ... okay on input line 8.
LaTeX Font Info:    Checking defaults for T1/cmr/m/n on input line 8.
LaTeX Font Info:    ... okay on input line 8.
LaTeX Font Info:    Checking defaults for TS1/cmr/m/n on input line 8.
LaTeX Font Info:    ... okay on input line 8.
LaTeX Font Info:    Checking defaults for OMX/cmex/m/n on input line 8.
LaTeX Font Info:    ... okay on input line 8.
LaTeX Font Info:    Checking defaults for U/cmr/m/n on input line 8.
LaTeX Font Info:    ... okay on input line 8.
LaTeX Font Info:    External font `cmex10' loaded for size
(Font)              <14.4> on input line 10.
LaTeX Font Info:    External font `cmex10' loaded for size
(Font)              <7> on input line 10.
(c:/Users/Konrad/Documents/Uni/arbitrary-interpreter-thesis/thesis.toc
LaTeX Font Info:    External font `cmex10' loaded for size
(Font)              <12> on input line 2.
LaTeX Font Info:    External font `cmex10' loaded for size
(Font)              <8> on input line 2.
LaTeX Font Info:    External font `cmex10' loaded for size
(Font)              <6> on input line 2.
)
\tf@toc=\write3
\openout3 = `thesis.toc'.

[1

{c:/Program Files (x86)/texlive/2019/texmf-var/fonts/map/pdftex/updmap/pdftex.m
ap}] [2] [3] (c:/Users/Konrad/Documents/Uni/arbitrary-interpreter-thesis/thesis
.aux) ) 
Here is how much of TeX's memory you used:
 430 strings out of 480994
 7762 string characters out of 5906222
 242779 words of memory out of 5000000
 16005 multiletter control sequences out of 15000+600000
 538190 words of font info for 43 fonts, out of 8000000 for 9000
 1141 hyphenation exceptions out of 8191
 24i,6n,21p,549b,187s stack positions out of 5000i,500n,10000p,200000b,80000s
{c:/Program Files (x86)/texlive/2019/texmf-dist/fonts/enc/dvips/cm-super
/cm-super-ts1.enc}<c:/Program Files (x86)/texlive/2019/texmf-dist/fonts/type1/p
ublic/amsfonts/cm/cmbx12.pfb><c:/Program Files (x86)/texlive/2019/texmf-dist/fo
nts/type1/public/amsfonts/cm/cmmi12.pfb><c:/Program Files (x86)/texlive/2019/te
xmf-dist/fonts/type1/public/amsfonts/cm/cmmi8.pfb><c:/Program Files (x86)/texli
ve/2019/texmf-dist/fonts/type1/public/amsfonts/cm/cmr12.pfb><c:/Program Files (
x86)/texlive/2019/texmf-dist/fonts/type1/public/amsfonts/cm/cmr17.pfb><c:/Progr
am Files (x86)/texlive/2019/texmf-dist/fonts/type1/public/amsfonts/cm/cmsy10.pf
b><c:/Program Files (x86)/texlive/2019/texmf-dist/fonts/type1/public/amsfonts/c
m/cmti12.pfb><c:/Program Files (x86)/texlive/2019/texmf-dist/fonts/type1/public
/cm-super/sfrm1200.pfb>
Output written on thesis.pdf (3 pages, 90548 bytes).
PDF statistics:
 47 PDF objects out of 1000 (max. 8388607)
 33 compressed objects within 1 object stream
 0 named destinations out of 1000 (max. 500000)
 1 words of extra memory for PDF output out of 10000 (max. 10000000)

